This is pdfTeX, Version 3.141592653-2.6-1.40.25 (TeX Live 2023/Debian) (preloaded format=pdflatex 2025.9.9)  8 NOV 2025 23:48
entering extended mode
 restricted \write18 enabled.
 %&-line parsing enabled.
**main.tex
(./main.tex
LaTeX2e <2023-11-01> patch level 1
L3 programming layer <2024-01-22>
(/usr/share/texlive/texmf-dist/tex/latex/base/article.cls
Document Class: article 2023/05/17 v1.4n Standard LaTeX document class
(/usr/share/texlive/texmf-dist/tex/latex/base/size10.clo
File: size10.clo 2023/05/17 v1.4n Standard LaTeX file (size option)
)
\c@part=\count187
\c@section=\count188
\c@subsection=\count189
\c@subsubsection=\count190
\c@paragraph=\count191
\c@subparagraph=\count192
\c@figure=\count193
\c@table=\count194
\abovecaptionskip=\skip48
\belowcaptionskip=\skip49
\bibindent=\dimen140
)
(/usr/share/texlive/texmf-dist/tex/latex/amsmath/amsmath.sty
Package: amsmath 2023/05/13 v2.17o AMS math features
\@mathmargin=\skip50

For additional information on amsmath, use the `?' option.
(/usr/share/texlive/texmf-dist/tex/latex/amsmath/amstext.sty
Package: amstext 2021/08/26 v2.01 AMS text

(/usr/share/texlive/texmf-dist/tex/latex/amsmath/amsgen.sty
File: amsgen.sty 1999/11/30 v2.0 generic functions
\@emptytoks=\toks17
\ex@=\dimen141
))
(/usr/share/texlive/texmf-dist/tex/latex/amsmath/amsbsy.sty
Package: amsbsy 1999/11/29 v1.2d Bold Symbols
\pmbraise@=\dimen142
)
(/usr/share/texlive/texmf-dist/tex/latex/amsmath/amsopn.sty
Package: amsopn 2022/04/08 v2.04 operator names
)
\inf@bad=\count195
LaTeX Info: Redefining \frac on input line 234.
\uproot@=\count196
\leftroot@=\count197
LaTeX Info: Redefining \overline on input line 399.
LaTeX Info: Redefining \colon on input line 410.
\classnum@=\count198
\DOTSCASE@=\count199
LaTeX Info: Redefining \ldots on input line 496.
LaTeX Info: Redefining \dots on input line 499.
LaTeX Info: Redefining \cdots on input line 620.
\Mathstrutbox@=\box51
\strutbox@=\box52
LaTeX Info: Redefining \big on input line 722.
LaTeX Info: Redefining \Big on input line 723.
LaTeX Info: Redefining \bigg on input line 724.
LaTeX Info: Redefining \Bigg on input line 725.
\big@size=\dimen143
LaTeX Font Info:    Redeclaring font encoding OML on input line 743.
LaTeX Font Info:    Redeclaring font encoding OMS on input line 744.
\macc@depth=\count266
LaTeX Info: Redefining \bmod on input line 905.
LaTeX Info: Redefining \pmod on input line 910.
LaTeX Info: Redefining \smash on input line 940.
LaTeX Info: Redefining \relbar on input line 970.
LaTeX Info: Redefining \Relbar on input line 971.
\c@MaxMatrixCols=\count267
\dotsspace@=\muskip16
\c@parentequation=\count268
\dspbrk@lvl=\count269
\tag@help=\toks18
\row@=\count270
\column@=\count271
\maxfields@=\count272
\andhelp@=\toks19
\eqnshift@=\dimen144
\alignsep@=\dimen145
\tagshift@=\dimen146
\tagwidth@=\dimen147
\totwidth@=\dimen148
\lineht@=\dimen149
\@envbody=\toks20
\multlinegap=\skip51
\multlinetaggap=\skip52
\mathdisplay@stack=\toks21
LaTeX Info: Redefining \[ on input line 2953.
LaTeX Info: Redefining \] on input line 2954.
)
(/usr/share/texlive/texmf-dist/tex/latex/graphics/graphicx.sty
Package: graphicx 2021/09/16 v1.2d Enhanced LaTeX Graphics (DPC,SPQR)

(/usr/share/texlive/texmf-dist/tex/latex/graphics/keyval.sty
Package: keyval 2022/05/29 v1.15 key=value parser (DPC)
\KV@toks@=\toks22
)
(/usr/share/texlive/texmf-dist/tex/latex/graphics/graphics.sty
Package: graphics 2022/03/10 v1.4e Standard LaTeX Graphics (DPC,SPQR)

(/usr/share/texlive/texmf-dist/tex/latex/graphics/trig.sty
Package: trig 2021/08/11 v1.11 sin cos tan (DPC)
)
(/usr/share/texlive/texmf-dist/tex/latex/graphics-cfg/graphics.cfg
File: graphics.cfg 2016/06/04 v1.11 sample graphics configuration
)
Package graphics Info: Driver file: pdftex.def on input line 107.

(/usr/share/texlive/texmf-dist/tex/latex/graphics-def/pdftex.def
File: pdftex.def 2022/09/22 v1.2b Graphics/color driver for pdftex
))
\Gin@req@height=\dimen150
\Gin@req@width=\dimen151
)
(/usr/share/texlive/texmf-dist/tex/latex/caption/subcaption.sty
Package: subcaption 2023/07/28 v1.6b Sub-captions (AR)

(/usr/share/texlive/texmf-dist/tex/latex/caption/caption.sty
Package: caption 2023/08/05 v3.6o Customizing captions (AR)

(/usr/share/texlive/texmf-dist/tex/latex/caption/caption3.sty
Package: caption3 2023/07/31 v2.4d caption3 kernel (AR)
\caption@tempdima=\dimen152
\captionmargin=\dimen153
\caption@leftmargin=\dimen154
\caption@rightmargin=\dimen155
\caption@width=\dimen156
\caption@indent=\dimen157
\caption@parindent=\dimen158
\caption@hangindent=\dimen159
Package caption Info: Standard document class detected.
)
\c@caption@flags=\count273
\c@continuedfloat=\count274
)
Package caption Info: New subtype `subfigure' on input line 238.
\c@subfigure=\count275
Package caption Info: New subtype `subtable' on input line 238.
\c@subtable=\count276
)
(/usr/share/texlive/texmf-dist/tex/latex/tools/multicol.sty
Package: multicol 2023/03/30 v1.9f multicolumn formatting (FMi)
\c@tracingmulticols=\count277
\mult@box=\box53
\multicol@leftmargin=\dimen160
\c@unbalance=\count278
\c@collectmore=\count279
\doublecol@number=\count280
\multicoltolerance=\count281
\multicolpretolerance=\count282
\full@width=\dimen161
\page@free=\dimen162
\premulticols=\dimen163
\postmulticols=\dimen164
\multicolsep=\skip53
\multicolbaselineskip=\skip54
\partial@page=\box54
\last@line=\box55
\mc@boxedresult=\box56
\maxbalancingoverflow=\dimen165
\mult@rightbox=\box57
\mult@grightbox=\box58
\mult@firstbox=\box59
\mult@gfirstbox=\box60
\@tempa=\box61
\@tempa=\box62
\@tempa=\box63
\@tempa=\box64
\@tempa=\box65
\@tempa=\box66
\@tempa=\box67
\@tempa=\box68
\@tempa=\box69
\@tempa=\box70
\@tempa=\box71
\@tempa=\box72
\@tempa=\box73
\@tempa=\box74
\@tempa=\box75
\@tempa=\box76
\@tempa=\box77
\@tempa=\box78
\@tempa=\box79
\@tempa=\box80
\@tempa=\box81
\@tempa=\box82
\@tempa=\box83
\@tempa=\box84
\@tempa=\box85
\@tempa=\box86
\@tempa=\box87
\@tempa=\box88
\@tempa=\box89
\@tempa=\box90
\@tempa=\box91
\@tempa=\box92
\@tempa=\box93
\@tempa=\box94
\@tempa=\box95
\@tempa=\box96
\c@minrows=\count283
\c@columnbadness=\count284
\c@finalcolumnbadness=\count285
\last@try=\dimen166
\multicolovershoot=\dimen167
\multicolundershoot=\dimen168
\mult@nat@firstbox=\box97
\colbreak@box=\box98
\mc@col@check@num=\count286
)
(/usr/share/texlive/texmf-dist/tex/latex/l3backend/l3backend-pdftex.def
File: l3backend-pdftex.def 2024-01-04 L3 backend support: PDF output (pdfTeX)
\l__color_backend_stack_int=\count287
\l__pdf_internal_box=\box99
)
No file main.aux.
\openout1 = `main.aux'.

LaTeX Font Info:    Checking defaults for OML/cmm/m/it on input line 11.
LaTeX Font Info:    ... okay on input line 11.
LaTeX Font Info:    Checking defaults for OMS/cmsy/m/n on input line 11.
LaTeX Font Info:    ... okay on input line 11.
LaTeX Font Info:    Checking defaults for OT1/cmr/m/n on input line 11.
LaTeX Font Info:    ... okay on input line 11.
LaTeX Font Info:    Checking defaults for T1/cmr/m/n on input line 11.
LaTeX Font Info:    ... okay on input line 11.
LaTeX Font Info:    Checking defaults for TS1/cmr/m/n on input line 11.
LaTeX Font Info:    ... okay on input line 11.
LaTeX Font Info:    Checking defaults for OMX/cmex/m/n on input line 11.
LaTeX Font Info:    ... okay on input line 11.
LaTeX Font Info:    Checking defaults for U/cmr/m/n on input line 11.
LaTeX Font Info:    ... okay on input line 11.
(/usr/share/texlive/texmf-dist/tex/context/base/mkii/supp-pdf.mkii
[Loading MPS to PDF converter (version 2006.09.02).]
\scratchcounter=\count288
\scratchdimen=\dimen169
\scratchbox=\box100
\nofMPsegments=\count289
\nofMParguments=\count290
\everyMPshowfont=\toks23
\MPscratchCnt=\count291
\MPscratchDim=\dimen170
\MPnumerator=\count292
\makeMPintoPDFobject=\count293
\everyMPtoPDFconversion=\toks24
) (/usr/share/texlive/texmf-dist/tex/latex/epstopdf-pkg/epstopdf-base.sty
Package: epstopdf-base 2020-01-24 v2.11 Base part for package epstopdf
Package epstopdf-base Info: Redefining graphics rule for `.eps' on input line 4
85.

(/usr/share/texlive/texmf-dist/tex/latex/latexconfig/epstopdf-sys.cfg
File: epstopdf-sys.cfg 2010/07/13 v1.3 Configuration of (r)epstopdf for TeX Liv
e
))
Package caption Info: Begin \AtBeginDocument code.
Package caption Info: End \AtBeginDocument code.

[1

{/var/lib/texmf/fonts/map/pdftex/updmap/pdftex.map}] (./tables/table1.tex)
[2] [3]
<figs/einstein.jpg, id=25, 186.6975pt x 182.6825pt>
File: figs/einstein.jpg Graphic file (type jpg)
<use figs/einstein.jpg>
Package pdftex.def Info: figs/einstein.jpg  used on input line 81.
(pdftex.def)             Requested size: 103.50105pt x 101.27568pt.
<figs/einsteinK_100.jpg, id=26, 186.6975pt x 182.6825pt>
File: figs/einsteinK_100.jpg Graphic file (type jpg)
<use figs/einsteinK_100.jpg>
Package pdftex.def Info: figs/einsteinK_100.jpg  used on input line 86.
(pdftex.def)             Requested size: 103.50105pt x 101.27568pt.
<figs/einsteinK_10.jpg, id=27, 186.6975pt x 182.6825pt>
File: figs/einsteinK_10.jpg Graphic file (type jpg)
<use figs/einsteinK_10.jpg>
Package pdftex.def Info: figs/einsteinK_10.jpg  used on input line 93.
(pdftex.def)             Requested size: 103.50105pt x 101.27568pt.
<figs/einsteinK_20.jpg, id=28, 186.6975pt x 182.6825pt>
File: figs/einsteinK_20.jpg Graphic file (type jpg)
<use figs/einsteinK_20.jpg>
Package pdftex.def Info: figs/einsteinK_20.jpg  used on input line 98.
(pdftex.def)             Requested size: 103.50105pt x 101.27568pt.
<figs/einsteinK_50.jpg, id=29, 186.6975pt x 182.6825pt>
File: figs/einsteinK_50.jpg Graphic file (type jpg)
<use figs/einsteinK_50.jpg>
Package pdftex.def Info: figs/einsteinK_50.jpg  used on input line 103.
(pdftex.def)             Requested size: 103.50105pt x 101.27568pt.
<figs/globe.jpg, id=30, 843.15pt x 882.29625pt>
File: figs/globe.jpg Graphic file (type jpg)
<use figs/globe.jpg>
Package pdftex.def Info: figs/globe.jpg  used on input line 112.
(pdftex.def)             Requested size: 103.50105pt x 108.29427pt.
<figs/globeK_100.jpg, id=31, 843.15pt x 882.29625pt>
File: figs/globeK_100.jpg Graphic file (type jpg)
<use figs/globeK_100.jpg>
Package pdftex.def Info: figs/globeK_100.jpg  used on input line 117.
(pdftex.def)             Requested size: 103.50105pt x 108.29427pt.
<figs/globeK_10.jpg, id=32, 843.15pt x 882.29625pt>
File: figs/globeK_10.jpg Graphic file (type jpg)
<use figs/globeK_10.jpg>
Package pdftex.def Info: figs/globeK_10.jpg  used on input line 124.
(pdftex.def)             Requested size: 103.50105pt x 108.29427pt.
<figs/globeK_20.jpg, id=33, 843.15pt x 882.29625pt>
File: figs/globeK_20.jpg Graphic file (type jpg)
<use figs/globeK_20.jpg>
Package pdftex.def Info: figs/globeK_20.jpg  used on input line 129.
(pdftex.def)             Requested size: 103.50105pt x 108.29427pt.
<figs/globeK_50.jpg, id=34, 843.15pt x 882.29625pt>
File: figs/globeK_50.jpg Graphic file (type jpg)
<use figs/globeK_50.jpg>
Package pdftex.def Info: figs/globeK_50.jpg  used on input line 134.
(pdftex.def)             Requested size: 103.50105pt x 108.29427pt.


LaTeX Warning: `h' float specifier changed to `ht'.


LaTeX Warning: `h' float specifier changed to `ht'.

[4 <./figs/einstein.jpg> <./figs/einsteinK_100.jpg> <./figs/einsteinK_10.jpg> <
./figs/einsteinK_20.jpg> <./figs/einsteinK_50.jpg>]
<figs/greyscale.png, id=39, 1027.84pt x 1027.84pt>
File: figs/greyscale.png Graphic file (type png)
<use figs/greyscale.png>
Package pdftex.def Info: figs/greyscale.png  used on input line 144.
(pdftex.def)             Requested size: 103.50105pt x 103.49577pt.
<figs/greyscaleK_100.jpg, id=40, 1027.84pt x 1027.84pt>
File: figs/greyscaleK_100.jpg Graphic file (type jpg)
<use figs/greyscaleK_100.jpg>
Package pdftex.def Info: figs/greyscaleK_100.jpg  used on input line 149.
(pdftex.def)             Requested size: 103.50105pt x 103.49577pt.
<figs/greyscaleK_10.jpg, id=41, 1027.84pt x 1027.84pt>
File: figs/greyscaleK_10.jpg Graphic file (type jpg)
<use figs/greyscaleK_10.jpg>
Package pdftex.def Info: figs/greyscaleK_10.jpg  used on input line 156.
(pdftex.def)             Requested size: 103.50105pt x 103.49577pt.
<figs/greyscaleK_20.jpg, id=42, 1027.84pt x 1027.84pt>
File: figs/greyscaleK_20.jpg Graphic file (type jpg)
<use figs/greyscaleK_20.jpg>
Package pdftex.def Info: figs/greyscaleK_20.jpg  used on input line 161.
(pdftex.def)             Requested size: 103.50105pt x 103.49577pt.
<figs/greyscaleK_50.jpg, id=43, 1027.84pt x 1027.84pt>
File: figs/greyscaleK_50.jpg Graphic file (type jpg)
<use figs/greyscaleK_50.jpg>
Package pdftex.def Info: figs/greyscaleK_50.jpg  used on input line 166.
(pdftex.def)             Requested size: 103.50105pt x 103.49577pt.


LaTeX Warning: `h' float specifier changed to `ht'.

[5 <./figs/globe.jpg> <./figs/globeK_100.jpg> <./figs/globeK_10.jpg> <./figs/gl
obeK_20.jpg> <./figs/globeK_50.jpg> <./figs/greyscale.png (PNG copy)> <./figs/g
reyscaleK_100.jpg>] (./tables/table2.tex) [6 <./figs/greyscaleK_10.jpg> <./figs
/greyscaleK_20.jpg> <./figs/greyscaleK_50.jpg>] (./main.aux)
 ***********
LaTeX2e <2023-11-01> patch level 1
L3 programming layer <2024-01-22>
 ***********


LaTeX Warning: Label(s) may have changed. Rerun to get cross-references right.

 ) 
Here is how much of TeX's memory you used:
 3746 strings out of 474222
 63918 string characters out of 5748734
 1932975 words of memory out of 5000000
 25997 multiletter control sequences out of 15000+600000
 564409 words of font info for 58 fonts, out of 8000000 for 9000
 1141 hyphenation exceptions out of 8191
 67i,10n,77p,390b,491s stack positions out of 10000i,1000n,20000p,200000b,200000s
</usr/share/texlive/texmf-dist/fonts/type1/public/amsfonts/cm/cmbx10.pfb></us
r/share/texlive/texmf-dist/fonts/type1/public/amsfonts/cm/cmbx12.pfb></usr/shar
e/texlive/texmf-dist/fonts/type1/public/amsfonts/cm/cmbx7.pfb></usr/share/texli
ve/texmf-dist/fonts/type1/public/amsfonts/cm/cmex10.pfb></usr/share/texlive/tex
mf-dist/fonts/type1/public/amsfonts/cm/cmmi10.pfb></usr/share/texlive/texmf-dis
t/fonts/type1/public/amsfonts/cm/cmmi7.pfb></usr/share/texlive/texmf-dist/fonts
/type1/public/amsfonts/cm/cmr10.pfb></usr/share/texlive/texmf-dist/fonts/type1/
public/amsfonts/cm/cmr12.pfb></usr/share/texlive/texmf-dist/fonts/type1/public/
amsfonts/cm/cmr17.pfb></usr/share/texlive/texmf-dist/fonts/type1/public/amsfont
s/cm/cmr7.pfb></usr/share/texlive/texmf-dist/fonts/type1/public/amsfonts/cm/cmr
9.pfb></usr/share/texlive/texmf-dist/fonts/type1/public/amsfonts/cm/cmsy10.pfb>
</usr/share/texlive/texmf-dist/fonts/type1/public/amsfonts/cm/cmsy7.pfb></usr/s
hare/texlive/texmf-dist/fonts/type1/public/amsfonts/cm/cmti10.pfb>
Output written on main.pdf (6 pages, 1450244 bytes).
PDF statistics:
 108 PDF objects out of 1000 (max. 8388607)
 56 compressed objects within 1 object stream
 0 named destinations out of 1000 (max. 500000)
 76 words of extra memory for PDF output out of 10000 (max. 10000000)

